<?xml version="1.0" encoding="UTF-8"?>
<testng-results skipped="0" failed="0" ignored="0" total="1" passed="1">
  <reporter-output>
  </reporter-output>
  <suite name="Default suite" duration-ms="40334" started-at="2019-06-09T17:23:44Z" finished-at="2019-06-09T17:24:24Z">
    <groups>
    </groups>
    <test name="Default test" duration-ms="40334" started-at="2019-06-09T17:23:44Z" finished-at="2019-06-09T17:24:24Z">
      <class name="com.syntax.testcases.PimTest">
        <test-method status="PASS" signature="setUp()[pri:0, instance:com.syntax.testcases.PimTest@8bd1b6a]" name="setUp" is-config="true" duration-ms="29993" started-at="2019-06-09T17:23:44Z" finished-at="2019-06-09T17:24:14Z">
          <reporter-output>
          </reporter-output>
        </test-method> <!-- setUp -->
        <test-method status="PASS" signature="enterPim()[pri:0, instance:com.syntax.testcases.PimTest@8bd1b6a]" name="enterPim" duration-ms="9702" started-at="2019-06-09T17:24:14Z" finished-at="2019-06-09T17:24:24Z">
          <reporter-output>
          </reporter-output>
        </test-method> <!-- enterPim -->
        <test-method status="PASS" signature="tearDown()[pri:0, instance:com.syntax.testcases.PimTest@8bd1b6a]" name="tearDown" is-config="true" duration-ms="618" started-at="2019-06-09T17:24:24Z" finished-at="2019-06-09T17:24:24Z">
          <reporter-output>
          </reporter-output>
        </test-method> <!-- tearDown -->
      </class> <!-- com.syntax.testcases.PimTest -->
    </test> <!-- Default test -->
  </suite> <!-- Default suite -->
</testng-results>
